[debug] [2025-11-29T19:09:41.676Z] ----------------------------------------------------------------------
[debug] [2025-11-29T19:09:41.679Z] Command:       C:\Program Files\nodejs\node.exe C:\Users\Jagannath sahoo\AppData\Roaming\npm\node_modules\firebase-tools\lib\bin\firebase.js functions:shell
[debug] [2025-11-29T19:09:41.679Z] CLI Version:   14.9.0
[debug] [2025-11-29T19:09:41.679Z] Platform:      win32
[debug] [2025-11-29T19:09:41.679Z] Node Version:  v22.13.1
[debug] [2025-11-29T19:09:41.679Z] Time:          Sun Nov 30 2025 00:39:41 GMT+0530 (India Standard Time)
[debug] [2025-11-29T19:09:41.680Z] ----------------------------------------------------------------------
[debug] 
[debug] [2025-11-29T19:09:41.682Z] >>> [apiv2][query] GET https://firebase-public.firebaseio.com/cli.json [none]
[debug] [2025-11-29T19:09:41.886Z] > command requires scopes: ["email","openid","https://www.googleapis.com/auth/cloudplatformprojects.readonly","https://www.googleapis.com/auth/firebase","https://www.googleapis.com/auth/cloud-platform"]
[debug] [2025-11-29T19:09:41.886Z] > authorizing via signed-in user (bjagannathsahoo@gmail.com)
[debug] [2025-11-29T19:09:41.886Z] [iam] checking project challenge-11226 for permissions ["firebase.projects.get"]
[debug] [2025-11-29T19:09:41.887Z] Checked if tokens are valid: false, expires at: 1757522250724
[debug] [2025-11-29T19:09:41.887Z] Checked if tokens are valid: false, expires at: 1757522250724
[debug] [2025-11-29T19:09:41.887Z] > refreshing access token with scopes: []
[debug] [2025-11-29T19:09:41.887Z] >>> [apiv2][query] POST https://www.googleapis.com/oauth2/v3/token [none]
[debug] [2025-11-29T19:09:41.888Z] >>> [apiv2][body] POST https://www.googleapis.com/oauth2/v3/token [omitted]
[debug] [2025-11-29T19:10:22.213Z] ----------------------------------------------------------------------
[debug] [2025-11-29T19:10:22.215Z] Command:       C:\Program Files\nodejs\node.exe C:\Users\Jagannath sahoo\AppData\Roaming\npm\node_modules\firebase-tools\lib\bin\firebase.js emulators:start --only functions
[debug] [2025-11-29T19:10:22.216Z] CLI Version:   14.9.0
[debug] [2025-11-29T19:10:22.216Z] Platform:      win32
[debug] [2025-11-29T19:10:22.216Z] Node Version:  v22.13.1
[debug] [2025-11-29T19:10:22.216Z] Time:          Sun Nov 30 2025 00:40:22 GMT+0530 (India Standard Time)
[debug] [2025-11-29T19:10:22.216Z] ----------------------------------------------------------------------
[debug] 
[debug] [2025-11-29T19:10:22.218Z] >>> [apiv2][query] GET https://firebase-public.firebaseio.com/cli.json [none]
[debug] [2025-11-29T19:10:22.424Z] > command requires scopes: ["email","openid","https://www.googleapis.com/auth/cloudplatformprojects.readonly","https://www.googleapis.com/auth/firebase","https://www.googleapis.com/auth/cloud-platform"]
[debug] [2025-11-29T19:10:22.424Z] > authorizing via signed-in user (bjagannathsahoo@gmail.com)
[info] i  emulators: Starting emulators: functions {"metadata":{"emulator":{"name":"hub"},"message":"Starting emulators: functions"}}
[debug] [2025-11-29T19:10:22.432Z] [logging] Logging Emulator only supports listening on one address (127.0.0.1). Not listening on ::1
[debug] [2025-11-29T19:10:22.432Z] assigned listening specs for emulators {"user":{"hub":[{"address":"127.0.0.1","family":"IPv4","port":4401},{"address":"::1","family":"IPv6","port":4401}],"ui":[{"address":"127.0.0.1","family":"IPv4","port":4001},{"address":"::1","family":"IPv6","port":4001}],"logging":[{"address":"127.0.0.1","family":"IPv4","port":4501}]},"metadata":{"message":"assigned listening specs for emulators"}}
[debug] [2025-11-29T19:10:22.437Z] [hub] writing locator at C:\Users\JAGANN~1\AppData\Local\Temp\hub-challenge-11226.json
[debug] [2025-11-29T19:10:22.455Z] [functions] Functions Emulator only supports listening on one address (127.0.0.1). Not listening on ::1
[debug] [2025-11-29T19:10:22.455Z] [eventarc] Eventarc Emulator only supports listening on one address (127.0.0.1). Not listening on ::1
[debug] [2025-11-29T19:10:22.455Z] [tasks] Cloud Tasks Emulator only supports listening on one address (127.0.0.1). Not listening on ::1
[debug] [2025-11-29T19:10:22.455Z] late-assigned ports for functions and eventarc emulators {"user":{"hub":[{"address":"127.0.0.1","family":"IPv4","port":4401},{"address":"::1","family":"IPv6","port":4401}],"ui":[{"address":"127.0.0.1","family":"IPv4","port":4001},{"address":"::1","family":"IPv6","port":4001}],"logging":[{"address":"127.0.0.1","family":"IPv4","port":4501}],"functions":[{"address":"127.0.0.1","family":"IPv4","port":5005}],"eventarc":[{"address":"127.0.0.1","family":"IPv4","port":9300}],"tasks":[{"address":"127.0.0.1","family":"IPv4","port":9500}]},"metadata":{"message":"late-assigned ports for functions and eventarc emulators"}}
[warn] !  functions: The following emulators are not running, calls to these services from the Functions emulator will affect production: apphosting, auth, firestore, database, hosting, pubsub, storage, dataconnect {"metadata":{"emulator":{"name":"functions"},"message":"The following emulators are not running, calls to these services from the Functions emulator will affect production: \u001b[1mapphosting, auth, firestore, database, hosting, pubsub, storage, dataconnect\u001b[22m"}}
[debug] [2025-11-29T19:10:22.471Z] defaultcredentials: writing to file C:\Users\Jagannath sahoo\AppData\Roaming\firebase\bjagannathsahoo_gmail_com_application_default_credentials.json
[debug] [2025-11-29T19:10:22.473Z] Setting GAC to C:\Users\Jagannath sahoo\AppData\Roaming\firebase\bjagannathsahoo_gmail_com_application_default_credentials.json {"metadata":{"emulator":{"name":"functions"},"message":"Setting GAC to C:\\Users\\Jagannath sahoo\\AppData\\Roaming\\firebase\\bjagannathsahoo_gmail_com_application_default_credentials.json"}}
[debug] [2025-11-29T19:10:22.473Z] Checked if tokens are valid: false, expires at: 1757522250724
[debug] [2025-11-29T19:10:22.474Z] Checked if tokens are valid: false, expires at: 1757522250724
[debug] [2025-11-29T19:10:22.474Z] > refreshing access token with scopes: []
[debug] [2025-11-29T19:10:22.474Z] >>> [apiv2][query] POST https://www.googleapis.com/oauth2/v3/token [none]
[debug] [2025-11-29T19:10:22.474Z] >>> [apiv2][body] POST https://www.googleapis.com/oauth2/v3/token [omitted]
[debug] [2025-11-29T19:10:32.596Z] *** [apiv2] error from fetch(https://www.googleapis.com/oauth2/v3/token, {"headers":{},"method":"POST","body":{"_overheadLength":545,"_valueLength":212,"_valuesToMeasure":[],"writable":false,"readable":true,"dataSize":0,"maxDataSize":2097152,"pauseStreams":true,"_released":true,"_streams":[],"_currentStream":null,"_insideLoop":false,"_pendingNext":false,"_boundary":"--------------------------522160741131299045667727","_events":{},"_eventsCount":1}}): FetchError: request to https://www.googleapis.com/oauth2/v3/token failed, reason: socket hang up
[error] Authentication Error: Your credentials are no longer valid. Please run firebase login --reauth

For CI servers and headless environments, generate a new token with firebase login:ci
[debug] [2025-11-29T19:10:32.597Z] Failed to get Admin SDK config for challenge-11226, falling back to cache Failed to get Admin SDK for Firebase project challenge-11226. Please make sure the project exists and your account has permission to access it. {"name":"FirebaseError","children":[],"exit":2,"message":"Failed to get Admin SDK for Firebase project challenge-11226. Please make sure the project exists and your account has permission to access it.","original":{"name":"FirebaseError","children":[],"exit":1,"message":"Authentication Error: Your credentials are no longer valid. Please run \u001b[1mfirebase login --reauth\u001b[22m\n\nFor CI servers and headless environments, generate a new token with \u001b[1mfirebase login:ci\u001b[22m","status":500},"status":500}
[info] i  functions: Watching "C:\Users\Jagannath sahoo\Desktop\React-Amazon\amazon-clone\functions" for Cloud Functions... {"metadata":{"emulator":{"name":"functions"},"message":"Watching \"C:\\Users\\Jagannath sahoo\\Desktop\\React-Amazon\\amazon-clone\\functions\" for Cloud Functions..."}}
[debug] [2025-11-29T19:10:32.632Z] Validating nodejs source
[debug] [2025-11-29T19:10:42.660Z] checkFunctionsSDKVersion was unable to fetch information from NPM Error: spawnSync C:\WINDOWS\system32\cmd.exe ETIMEDOUT
    at Object.spawnSync (node:internal/child_process:1120:20)
    at Object.spawnSync (node:child_process:868:24)
    at Function.spawnSync [as sync] (C:\Users\Jagannath sahoo\AppData\Roaming\npm\node_modules\firebase-tools\node_modules\cross-spawn\index.js:26:23)
    at Object.getLatestSDKVersion (C:\Users\Jagannath sahoo\AppData\Roaming\npm\node_modules\firebase-tools\lib\deploy\functions\runtimes\node\versioning.js:54:25)
    at Object.checkFunctionsSDKVersion (C:\Users\Jagannath sahoo\AppData\Roaming\npm\node_modules\firebase-tools\lib\deploy\functions\runtimes\node\versioning.js:74:32)
    at Delegate.validate (C:\Users\Jagannath sahoo\AppData\Roaming\npm\node_modules\firebase-tools\lib\deploy\functions\runtimes\node\index.js:86:20)
    at FunctionsEmulator.discoverTriggers (C:\Users\Jagannath sahoo\AppData\Roaming\npm\node_modules\firebase-tools\lib\emulator\functionsEmulator.js:313:35)
    at async FunctionsEmulator.loadTriggers (C:\Users\Jagannath sahoo\AppData\Roaming\npm\node_modules\firebase-tools\lib\emulator\functionsEmulator.js:353:34)
    at async FunctionsEmulator.connect (C:\Users\Jagannath sahoo\AppData\Roaming\npm\node_modules\firebase-tools\lib\emulator\functionsEmulator.js:279:13)
    at async Object.startAll (C:\Users\Jagannath sahoo\AppData\Roaming\npm\node_modules\firebase-tools\lib\emulator\controller.js:685:13)
[debug] [2025-11-29T19:10:42.663Z] > [functions] package.json contents: {
  "name": "functions",
  "description": "Cloud Functions for Firebase",
  "scripts": {
    "lint": "eslint .",
    "serve": "firebase emulators:start --only functions",
    "shell": "firebase functions:shell",
    "start": "npm run shell",
    "deploy": "firebase deploy --only functions",
    "logs": "firebase functions:log"
  },
  "engines": {
    "node": "22"
  },
  "main": "index.js",
  "dependencies": {
    "cors": "^2.8.5",
    "express": "^5.1.0",
    "firebase-admin": "^12.6.0",
    "firebase-functions": "^6.0.1",
    "stripe": "^18.3.0"
  },
  "devDependencies": {
    "eslint": "^8.15.0",
    "eslint-config-google": "^0.14.0",
    "firebase-functions-test": "^3.1.0"
  },
  "private": true
}
[debug] [2025-11-29T19:10:42.663Z] Building nodejs source
[debug] [2025-11-29T19:10:42.664Z] Failed to find version of module node: reached end of search path C:\Users\Jagannath sahoo\Desktop\React-Amazon\amazon-clone\functions\node_modules
[info] +  functions: Using node@22 from host. 
[info] i  functions: Loaded environment variables from .env. 
[debug] [2025-11-29T19:10:42.675Z] Could not find functions.yaml. Must use http discovery
[debug] [2025-11-29T19:10:42.702Z] Found firebase-functions binary at 'C:\Users\Jagannath sahoo\Desktop\React-Amazon\amazon-clone\functions\node_modules\.bin\firebase-functions'
[debug] [2025-11-29T19:10:43.091Z] <<< [apiv2][status] GET https://firebase-public.firebaseio.com/cli.json 200
[debug] [2025-11-29T19:10:43.092Z] <<< [apiv2][body] GET https://firebase-public.firebaseio.com/cli.json {"cloudBuildErrorAfter":1594252800000,"cloudBuildWarnAfter":1590019200000,"defaultNode10After":1594252800000,"minVersion":"3.0.5","node8DeploysDisabledAfter":1613390400000,"node8RuntimeDisabledAfter":1615809600000,"node8WarnAfter":1600128000000}
[info] Serving at port 8315

[info] [dotenv@17.2.3] injecting env (1) from .env -- tip: âš™ï¸  override existing env vars with { override: true }

[debug] [2025-11-29T19:10:46.713Z] Got response from /__/functions.yaml {"endpoints":{"api":{"availableMemoryMb":null,"timeoutSeconds":null,"minInstances":null,"maxInstances":null,"ingressSettings":null,"concurrency":null,"serviceAccountEmail":null,"vpc":null,"platform":"gcfv2","labels":{},"httpsTrigger":{},"entryPoint":"api"}},"specVersion":"v1alpha1","requiredAPIs":[],"extensions":{}}
[info] +  functions: Loaded functions definitions from source: api. {"metadata":{"emulator":{"name":"functions"},"message":"Loaded functions definitions from source: api."}}
[info] +  functions[us-central1-api]: http function initialized (http://127.0.0.1:5005/challenge-11226/us-central1/api). {"metadata":{"emulator":{"name":"functions"},"message":"\u001b[1mhttp\u001b[22m function initialized (http://127.0.0.1:5005/challenge-11226/us-central1/api)."}}
[debug] [2025-11-29T19:10:50.835Z] Could not find VSCode notification endpoint: FetchError: request to http://localhost:40001/vscode/notify failed, reason: . If you are not running the Firebase Data Connect VSCode extension, this is expected and not an issue.
[info] 
â”Œâ”€â”€â”€â”€â”€â”€â”€â”€â”€â”€â”€â”€â”€â”€â”€â”€â”€â”€â”€â”€â”€â”€â”€â”€â”€â”€â”€â”€â”€â”€â”€â”€â”€â”€â”€â”€â”€â”€â”€â”€â”€â”€â”€â”€â”€â”€â”€â”€â”€â”€â”€â”€â”€â”€â”€â”€â”€â”€â”€â”€â”€â”
â”‚ âœ”  All emulators ready! It is now safe to connect your app. â”‚
â”‚ i  View Emulator UI at http://127.0.0.1:4001/               â”‚
â””â”€â”€â”€â”€â”€â”€â”€â”€â”€â”€â”€â”€â”€â”€â”€â”€â”€â”€â”€â”€â”€â”€â”€â”€â”€â”€â”€â”€â”€â”€â”€â”€â”€â”€â”€â”€â”€â”€â”€â”€â”€â”€â”€â”€â”€â”€â”€â”€â”€â”€â”€â”€â”€â”€â”€â”€â”€â”€â”€â”€â”€â”˜

â”Œâ”€â”€â”€â”€â”€â”€â”€â”€â”€â”€â”€â”¬â”€â”€â”€â”€â”€â”€â”€â”€â”€â”€â”€â”€â”€â”€â”€â”€â”¬â”€â”€â”€â”€â”€â”€â”€â”€â”€â”€â”€â”€â”€â”€â”€â”€â”€â”€â”€â”€â”€â”€â”€â”€â”€â”€â”€â”€â”€â”€â”€â”€â”€â”
â”‚ Emulator  â”‚ Host:Port      â”‚ View in Emulator UI             â”‚
â”œâ”€â”€â”€â”€â”€â”€â”€â”€â”€â”€â”€â”¼â”€â”€â”€â”€â”€â”€â”€â”€â”€â”€â”€â”€â”€â”€â”€â”€â”¼â”€â”€â”€â”€â”€â”€â”€â”€â”€â”€â”€â”€â”€â”€â”€â”€â”€â”€â”€â”€â”€â”€â”€â”€â”€â”€â”€â”€â”€â”€â”€â”€â”€â”¤
â”‚ Functions â”‚ 127.0.0.1:5005 â”‚ http://127.0.0.1:4001/functions â”‚
â””â”€â”€â”€â”€â”€â”€â”€â”€â”€â”€â”€â”´â”€â”€â”€â”€â”€â”€â”€â”€â”€â”€â”€â”€â”€â”€â”€â”€â”´â”€â”€â”€â”€â”€â”€â”€â”€â”€â”€â”€â”€â”€â”€â”€â”€â”€â”€â”€â”€â”€â”€â”€â”€â”€â”€â”€â”€â”€â”€â”€â”€â”€â”˜
  Emulator Hub host: 127.0.0.1 port: 4401
  Other reserved ports: 4501

Issues? Report them at https://github.com/firebase/firebase-tools/issues and attach the *-debug.log files.
 
[debug] [2025-11-29T19:16:23.262Z] [work-queue] {"queuedWork":["/challenge-11226/us-central1/api/payment/create-2025-11-29T19:16:23.262Z"],"queueLength":1,"runningWork":[],"workRunningCount":0}
[debug] [2025-11-29T19:16:23.263Z] [work-queue] {"queuedWork":[],"queueLength":0,"runningWork":["/challenge-11226/us-central1/api/payment/create-2025-11-29T19:16:23.262Z"],"workRunningCount":1}
[debug] [2025-11-29T19:16:23.264Z] Accepted request POST /challenge-11226/us-central1/api/payment/create?total=19900 --> us-central1-api
[debug] [2025-11-29T19:16:23.268Z] [functions] Runtime ready! Sending request! {"metadata":{"emulator":{"name":"functions"},"message":"[functions] Runtime ready! Sending request!"}}
[debug] [2025-11-29T19:16:23.269Z] [functions] Got req.url=/challenge-11226/us-central1/api/payment/create?total=19900, mapping to path=/payment/create?total=19900 {"metadata":{"emulator":{"name":"functions"},"message":"[functions] Got req.url=/challenge-11226/us-central1/api/payment/create?total=19900, mapping to path=/payment/create?total=19900"}}
[info] i  functions: Loaded environment variables from .env. 
[debug] [2025-11-29T19:16:23.296Z] [worker-pool] addWorker(us-central1-api) {"metadata":{"emulator":{"name":"functions"},"message":"[worker-pool] addWorker(us-central1-api)"}}
[debug] [2025-11-29T19:16:23.298Z] [worker-pool] Adding worker with key us-central1-api, total=1 {"metadata":{"emulator":{"name":"functions"},"message":"[worker-pool] Adding worker with key us-central1-api, total=1"}}
[debug] [2025-11-29T19:16:23.302Z] [work-queue] {"queuedWork":["/challenge-11226/us-central1/api/payment/create-2025-11-29T19:16:23.302Z"],"queueLength":1,"runningWork":["/challenge-11226/us-central1/api/payment/create-2025-11-29T19:16:23.262Z"],"workRunningCount":1}
[debug] [2025-11-29T19:16:23.302Z] [work-queue] {"queuedWork":[],"queueLength":0,"runningWork":["/challenge-11226/us-central1/api/payment/create-2025-11-29T19:16:23.262Z","/challenge-11226/us-central1/api/payment/create-2025-11-29T19:16:23.302Z"],"workRunningCount":2}
[debug] [2025-11-29T19:16:23.302Z] Accepted request POST /challenge-11226/us-central1/api/payment/create?total=19900 --> us-central1-api
[debug] [2025-11-29T19:16:23.306Z] [functions] Runtime ready! Sending request! {"metadata":{"emulator":{"name":"functions"},"message":"[functions] Runtime ready! Sending request!"}}
[debug] [2025-11-29T19:16:23.306Z] [functions] Got req.url=/challenge-11226/us-central1/api/payment/create?total=19900, mapping to path=/payment/create?total=19900 {"metadata":{"emulator":{"name":"functions"},"message":"[functions] Got req.url=/challenge-11226/us-central1/api/payment/create?total=19900, mapping to path=/payment/create?total=19900"}}
[info] i  functions: Loaded environment variables from .env. 
[debug] [2025-11-29T19:16:23.316Z] [worker-pool] addWorker(us-central1-api) {"metadata":{"emulator":{"name":"functions"},"message":"[worker-pool] addWorker(us-central1-api)"}}
[debug] [2025-11-29T19:16:23.317Z] [worker-pool] Adding worker with key us-central1-api, total=2 {"metadata":{"emulator":{"name":"functions"},"message":"[worker-pool] Adding worker with key us-central1-api, total=2"}}
[info] >  (node:8496) [DEP0040] DeprecationWarning: The `punycode` module is deprecated. Please use a userland alternative instead. {"user":"(node:8496) [DEP0040] DeprecationWarning: The `punycode` module is deprecated. Please use a userland alternative instead.","metadata":{"emulator":{"name":"functions"},"function":{"name":"us-central1-api"},"extension":{},"message":"\u001b[90m> \u001b[39m (node:8496) [DEP0040] DeprecationWarning: The `punycode` module is deprecated. Please use a userland alternative instead."}}
[info] >  (Use `node --trace-deprecation ...` to show where the warning was created) {"user":"(Use `node --trace-deprecation ...` to show where the warning was created)","metadata":{"emulator":{"name":"functions"},"function":{"name":"us-central1-api"},"extension":{},"message":"\u001b[90m> \u001b[39m (Use `node --trace-deprecation ...` to show where the warning was created)"}}
[info] >  (node:16332) [DEP0040] DeprecationWarning: The `punycode` module is deprecated. Please use a userland alternative instead. {"user":"(node:16332) [DEP0040] DeprecationWarning: The `punycode` module is deprecated. Please use a userland alternative instead.","metadata":{"emulator":{"name":"functions"},"function":{"name":"us-central1-api"},"extension":{},"message":"\u001b[90m> \u001b[39m (node:16332) [DEP0040] DeprecationWarning: The `punycode` module is deprecated. Please use a userland alternative instead."}}
[info] >  (Use `node --trace-deprecation ...` to show where the warning was created) {"user":"(Use `node --trace-deprecation ...` to show where the warning was created)","metadata":{"emulator":{"name":"functions"},"function":{"name":"us-central1-api"},"extension":{},"message":"\u001b[90m> \u001b[39m (Use `node --trace-deprecation ...` to show where the warning was created)"}}
[debug] [2025-11-29T19:16:25.837Z] [runtime-status] [8496] Resolved module firebase-admin {"declared":true,"installed":true,"version":"12.7.0","resolution":"C:\\Users\\Jagannath sahoo\\Desktop\\React-Amazon\\amazon-clone\\functions\\node_modules\\firebase-admin\\lib\\index.js"} {"metadata":{"emulator":{"name":"functions"},"function":{"name":"us-central1-api"},"extension":{},"message":"[runtime-status] [8496] Resolved module firebase-admin {\"declared\":true,\"installed\":true,\"version\":\"12.7.0\",\"resolution\":\"C:\\\\Users\\\\Jagannath sahoo\\\\Desktop\\\\React-Amazon\\\\amazon-clone\\\\functions\\\\node_modules\\\\firebase-admin\\\\lib\\\\index.js\"}"}}
[debug] [2025-11-29T19:16:25.839Z] [runtime-status] [8496] Resolved module firebase-functions {"declared":true,"installed":true,"version":"6.3.2","resolution":"C:\\Users\\Jagannath sahoo\\Desktop\\React-Amazon\\amazon-clone\\functions\\node_modules\\firebase-functions\\lib\\v2\\index.js"} {"metadata":{"emulator":{"name":"functions"},"function":{"name":"us-central1-api"},"extension":{},"message":"[runtime-status] [8496] Resolved module firebase-functions {\"declared\":true,\"installed\":true,\"version\":\"6.3.2\",\"resolution\":\"C:\\\\Users\\\\Jagannath sahoo\\\\Desktop\\\\React-Amazon\\\\amazon-clone\\\\functions\\\\node_modules\\\\firebase-functions\\\\lib\\\\v2\\\\index.js\"}"}}
[debug] [2025-11-29T19:16:25.839Z] [runtime-status] [16332] Resolved module firebase-admin {"declared":true,"installed":true,"version":"12.7.0","resolution":"C:\\Users\\Jagannath sahoo\\Desktop\\React-Amazon\\amazon-clone\\functions\\node_modules\\firebase-admin\\lib\\index.js"} {"metadata":{"emulator":{"name":"functions"},"function":{"name":"us-central1-api"},"extension":{},"message":"[runtime-status] [16332] Resolved module firebase-admin {\"declared\":true,\"installed\":true,\"version\":\"12.7.0\",\"resolution\":\"C:\\\\Users\\\\Jagannath sahoo\\\\Desktop\\\\React-Amazon\\\\amazon-clone\\\\functions\\\\node_modules\\\\firebase-admin\\\\lib\\\\index.js\"}"}}
[debug] [2025-11-29T19:16:25.840Z] [runtime-status] [8496] Outgoing network have been stubbed. [{"name":"http","status":"mocked"},{"name":"http","status":"mocked"},{"name":"https","status":"mocked"},{"name":"https","status":"mocked"},{"name":"net","status":"mocked"}] {"metadata":{"emulator":{"name":"functions"},"function":{"name":"us-central1-api"},"extension":{},"message":"[runtime-status] [8496] Outgoing network have been stubbed. [{\"name\":\"http\",\"status\":\"mocked\"},{\"name\":\"http\",\"status\":\"mocked\"},{\"name\":\"https\",\"status\":\"mocked\"},{\"name\":\"https\",\"status\":\"mocked\"},{\"name\":\"net\",\"status\":\"mocked\"}]"}}
[debug] [2025-11-29T19:16:25.841Z] [runtime-status] [8496] Resolved module firebase-functions {"declared":true,"installed":true,"version":"6.3.2","resolution":"C:\\Users\\Jagannath sahoo\\Desktop\\React-Amazon\\amazon-clone\\functions\\node_modules\\firebase-functions\\lib\\v2\\index.js"} {"metadata":{"emulator":{"name":"functions"},"function":{"name":"us-central1-api"},"extension":{},"message":"[runtime-status] [8496] Resolved module firebase-functions {\"declared\":true,\"installed\":true,\"version\":\"6.3.2\",\"resolution\":\"C:\\\\Users\\\\Jagannath sahoo\\\\Desktop\\\\React-Amazon\\\\amazon-clone\\\\functions\\\\node_modules\\\\firebase-functions\\\\lib\\\\v2\\\\index.js\"}"}}
[debug] [2025-11-29T19:16:25.843Z] [runtime-status] [16332] Resolved module firebase-functions {"declared":true,"installed":true,"version":"6.3.2","resolution":"C:\\Users\\Jagannath sahoo\\Desktop\\React-Amazon\\amazon-clone\\functions\\node_modules\\firebase-functions\\lib\\v2\\index.js"} {"metadata":{"emulator":{"name":"functions"},"function":{"name":"us-central1-api"},"extension":{},"message":"[runtime-status] [16332] Resolved module firebase-functions {\"declared\":true,\"installed\":true,\"version\":\"6.3.2\",\"resolution\":\"C:\\\\Users\\\\Jagannath sahoo\\\\Desktop\\\\React-Amazon\\\\amazon-clone\\\\functions\\\\node_modules\\\\firebase-functions\\\\lib\\\\v2\\\\index.js\"}"}}
[debug] [2025-11-29T19:16:25.844Z] [runtime-status] [16332] Outgoing network have been stubbed. [{"name":"http","status":"mocked"},{"name":"http","status":"mocked"},{"name":"https","status":"mocked"},{"name":"https","status":"mocked"},{"name":"net","status":"mocked"}] {"metadata":{"emulator":{"name":"functions"},"function":{"name":"us-central1-api"},"extension":{},"message":"[runtime-status] [16332] Outgoing network have been stubbed. [{\"name\":\"http\",\"status\":\"mocked\"},{\"name\":\"http\",\"status\":\"mocked\"},{\"name\":\"https\",\"status\":\"mocked\"},{\"name\":\"https\",\"status\":\"mocked\"},{\"name\":\"net\",\"status\":\"mocked\"}]"}}
[debug] [2025-11-29T19:16:25.845Z] [runtime-status] [16332] Resolved module firebase-functions {"declared":true,"installed":true,"version":"6.3.2","resolution":"C:\\Users\\Jagannath sahoo\\Desktop\\React-Amazon\\amazon-clone\\functions\\node_modules\\firebase-functions\\lib\\v2\\index.js"} {"metadata":{"emulator":{"name":"functions"},"function":{"name":"us-central1-api"},"extension":{},"message":"[runtime-status] [16332] Resolved module firebase-functions {\"declared\":true,\"installed\":true,\"version\":\"6.3.2\",\"resolution\":\"C:\\\\Users\\\\Jagannath sahoo\\\\Desktop\\\\React-Amazon\\\\amazon-clone\\\\functions\\\\node_modules\\\\firebase-functions\\\\lib\\\\v2\\\\index.js\"}"}}
[debug] [2025-11-29T19:16:26.802Z] [runtime-status] [8496] Checked functions.config() {"config":{}} {"metadata":{"emulator":{"name":"functions"},"function":{"name":"us-central1-api"},"extension":{},"message":"[runtime-status] [8496] Checked functions.config() {\"config\":{}}"}}
[debug] [2025-11-29T19:16:26.803Z] [runtime-status] [8496] firebase-functions has been stubbed. {"functionsResolution":{"declared":true,"installed":true,"version":"6.3.2","resolution":"C:\\Users\\Jagannath sahoo\\Desktop\\React-Amazon\\amazon-clone\\functions\\node_modules\\firebase-functions\\lib\\v2\\index.js"}} {"metadata":{"emulator":{"name":"functions"},"function":{"name":"us-central1-api"},"extension":{},"message":"[runtime-status] [8496] firebase-functions has been stubbed. {\"functionsResolution\":{\"declared\":true,\"installed\":true,\"version\":\"6.3.2\",\"resolution\":\"C:\\\\Users\\\\Jagannath sahoo\\\\Desktop\\\\React-Amazon\\\\amazon-clone\\\\functions\\\\node_modules\\\\firebase-functions\\\\lib\\\\v2\\\\index.js\"}}"}}
[debug] [2025-11-29T19:16:26.805Z] [runtime-status] [8496] Resolved module firebase-functions {"declared":true,"installed":true,"version":"6.3.2","resolution":"C:\\Users\\Jagannath sahoo\\Desktop\\React-Amazon\\amazon-clone\\functions\\node_modules\\firebase-functions\\lib\\v2\\index.js"} {"metadata":{"emulator":{"name":"functions"},"function":{"name":"us-central1-api"},"extension":{},"message":"[runtime-status] [8496] Resolved module firebase-functions {\"declared\":true,\"installed\":true,\"version\":\"6.3.2\",\"resolution\":\"C:\\\\Users\\\\Jagannath sahoo\\\\Desktop\\\\React-Amazon\\\\amazon-clone\\\\functions\\\\node_modules\\\\firebase-functions\\\\lib\\\\v2\\\\index.js\"}"}}
[debug] [2025-11-29T19:16:26.816Z] [runtime-status] [16332] Checked functions.config() {"config":{}} {"metadata":{"emulator":{"name":"functions"},"function":{"name":"us-central1-api"},"extension":{},"message":"[runtime-status] [16332] Checked functions.config() {\"config\":{}}"}}
[debug] [2025-11-29T19:16:26.817Z] [runtime-status] [16332] firebase-functions has been stubbed. {"functionsResolution":{"declared":true,"installed":true,"version":"6.3.2","resolution":"C:\\Users\\Jagannath sahoo\\Desktop\\React-Amazon\\amazon-clone\\functions\\node_modules\\firebase-functions\\lib\\v2\\index.js"}} {"metadata":{"emulator":{"name":"functions"},"function":{"name":"us-central1-api"},"extension":{},"message":"[runtime-status] [16332] firebase-functions has been stubbed. {\"functionsResolution\":{\"declared\":true,\"installed\":true,\"version\":\"6.3.2\",\"resolution\":\"C:\\\\Users\\\\Jagannath sahoo\\\\Desktop\\\\React-Amazon\\\\amazon-clone\\\\functions\\\\node_modules\\\\firebase-functions\\\\lib\\\\v2\\\\index.js\"}}"}}
[debug] [2025-11-29T19:16:26.819Z] [runtime-status] [16332] Resolved module firebase-functions {"declared":true,"installed":true,"version":"6.3.2","resolution":"C:\\Users\\Jagannath sahoo\\Desktop\\React-Amazon\\amazon-clone\\functions\\node_modules\\firebase-functions\\lib\\v2\\index.js"} {"metadata":{"emulator":{"name":"functions"},"function":{"name":"us-central1-api"},"extension":{},"message":"[runtime-status] [16332] Resolved module firebase-functions {\"declared\":true,\"installed\":true,\"version\":\"6.3.2\",\"resolution\":\"C:\\\\Users\\\\Jagannath sahoo\\\\Desktop\\\\React-Amazon\\\\amazon-clone\\\\functions\\\\node_modules\\\\firebase-functions\\\\lib\\\\v2\\\\index.js\"}"}}
[debug] [2025-11-29T19:16:26.828Z] [runtime-status] [8496] Resolved module firebase-admin {"declared":true,"installed":true,"version":"12.7.0","resolution":"C:\\Users\\Jagannath sahoo\\Desktop\\React-Amazon\\amazon-clone\\functions\\node_modules\\firebase-admin\\lib\\index.js"} {"metadata":{"emulator":{"name":"functions"},"function":{"name":"us-central1-api"},"extension":{},"message":"[runtime-status] [8496] Resolved module firebase-admin {\"declared\":true,\"installed\":true,\"version\":\"12.7.0\",\"resolution\":\"C:\\\\Users\\\\Jagannath sahoo\\\\Desktop\\\\React-Amazon\\\\amazon-clone\\\\functions\\\\node_modules\\\\firebase-admin\\\\lib\\\\index.js\"}"}}
[debug] [2025-11-29T19:16:26.839Z] [runtime-status] [16332] Resolved module firebase-admin {"declared":true,"installed":true,"version":"12.7.0","resolution":"C:\\Users\\Jagannath sahoo\\Desktop\\React-Amazon\\amazon-clone\\functions\\node_modules\\firebase-admin\\lib\\index.js"} {"metadata":{"emulator":{"name":"functions"},"function":{"name":"us-central1-api"},"extension":{},"message":"[runtime-status] [16332] Resolved module firebase-admin {\"declared\":true,\"installed\":true,\"version\":\"12.7.0\",\"resolution\":\"C:\\\\Users\\\\Jagannath sahoo\\\\Desktop\\\\React-Amazon\\\\amazon-clone\\\\functions\\\\node_modules\\\\firebase-admin\\\\lib\\\\index.js\"}"}}
[debug] [2025-11-29T19:16:26.841Z] [runtime-status] [8496] Resolved module firebase-functions {"declared":true,"installed":true,"version":"6.3.2","resolution":"C:\\Users\\Jagannath sahoo\\Desktop\\React-Amazon\\amazon-clone\\functions\\node_modules\\firebase-functions\\lib\\v2\\index.js"} {"metadata":{"emulator":{"name":"functions"},"function":{"name":"us-central1-api"},"extension":{},"message":"[runtime-status] [8496] Resolved module firebase-functions {\"declared\":true,\"installed\":true,\"version\":\"6.3.2\",\"resolution\":\"C:\\\\Users\\\\Jagannath sahoo\\\\Desktop\\\\React-Amazon\\\\amazon-clone\\\\functions\\\\node_modules\\\\firebase-functions\\\\lib\\\\v2\\\\index.js\"}"}}
[debug] [2025-11-29T19:16:26.842Z] [runtime-status] [8496] firebase-admin has been stubbed. {"adminResolution":{"declared":true,"installed":true,"version":"12.7.0","resolution":"C:\\Users\\Jagannath sahoo\\Desktop\\React-Amazon\\amazon-clone\\functions\\node_modules\\firebase-admin\\lib\\index.js"}} {"metadata":{"emulator":{"name":"functions"},"function":{"name":"us-central1-api"},"extension":{},"message":"[runtime-status] [8496] firebase-admin has been stubbed. {\"adminResolution\":{\"declared\":true,\"installed\":true,\"version\":\"12.7.0\",\"resolution\":\"C:\\\\Users\\\\Jagannath sahoo\\\\Desktop\\\\React-Amazon\\\\amazon-clone\\\\functions\\\\node_modules\\\\firebase-admin\\\\lib\\\\index.js\"}}"}}
[debug] [2025-11-29T19:16:26.846Z] [runtime-status] [16332] Resolved module firebase-functions {"declared":true,"installed":true,"version":"6.3.2","resolution":"C:\\Users\\Jagannath sahoo\\Desktop\\React-Amazon\\amazon-clone\\functions\\node_modules\\firebase-functions\\lib\\v2\\index.js"} {"metadata":{"emulator":{"name":"functions"},"function":{"name":"us-central1-api"},"extension":{},"message":"[runtime-status] [16332] Resolved module firebase-functions {\"declared\":true,\"installed\":true,\"version\":\"6.3.2\",\"resolution\":\"C:\\\\Users\\\\Jagannath sahoo\\\\Desktop\\\\React-Amazon\\\\amazon-clone\\\\functions\\\\node_modules\\\\firebase-functions\\\\lib\\\\v2\\\\index.js\"}"}}
[debug] [2025-11-29T19:16:26.847Z] [runtime-status] [16332] firebase-admin has been stubbed. {"adminResolution":{"declared":true,"installed":true,"version":"12.7.0","resolution":"C:\\Users\\Jagannath sahoo\\Desktop\\React-Amazon\\amazon-clone\\functions\\node_modules\\firebase-admin\\lib\\index.js"}} {"metadata":{"emulator":{"name":"functions"},"function":{"name":"us-central1-api"},"extension":{},"message":"[runtime-status] [16332] firebase-admin has been stubbed. {\"adminResolution\":{\"declared\":true,\"installed\":true,\"version\":\"12.7.0\",\"resolution\":\"C:\\\\Users\\\\Jagannath sahoo\\\\Desktop\\\\React-Amazon\\\\amazon-clone\\\\functions\\\\node_modules\\\\firebase-admin\\\\lib\\\\index.js\"}}"}}
[info] >  [dotenv@17.2.3] injecting env (0) from .env -- tip: ðŸ‘¥ sync secrets across teammates & machines: https://dotenvx.com/ops {"user":"[dotenv@17.2.3] injecting env (0) from .env -- tip: ðŸ‘¥ sync secrets across teammates & machines: https://dotenvx.com/ops","metadata":{"emulator":{"name":"functions"},"function":{"name":"us-central1-api"},"extension":{},"message":"\u001b[90m> \u001b[39m [dotenv@17.2.3] injecting env (0) from .env -- tip: ðŸ‘¥ sync secrets across teammates & machines: https://dotenvx.com/ops"}}
[info] >  [dotenv@17.2.3] injecting env (0) from .env -- tip: ðŸ—‚ï¸ backup and recover secrets: https://dotenvx.com/ops {"user":"[dotenv@17.2.3] injecting env (0) from .env -- tip: ðŸ—‚ï¸ backup and recover secrets: https://dotenvx.com/ops","metadata":{"emulator":{"name":"functions"},"function":{"name":"us-central1-api"},"extension":{},"message":"\u001b[90m> \u001b[39m [dotenv@17.2.3] injecting env (0) from .env -- tip: ðŸ—‚ï¸ backup and recover secrets: https://dotenvx.com/ops"}}
[debug] [2025-11-29T19:16:27.488Z] [runtime-status] [16332] Functions runtime initialized. {"cwd":"C:\\Users\\Jagannath sahoo\\Desktop\\React-Amazon\\amazon-clone\\functions","node_version":"22.13.1"} {"metadata":{"emulator":{"name":"functions"},"function":{"name":"us-central1-api"},"extension":{},"message":"[runtime-status] [16332] Functions runtime initialized. {\"cwd\":\"C:\\\\Users\\\\Jagannath sahoo\\\\Desktop\\\\React-Amazon\\\\amazon-clone\\\\functions\",\"node_version\":\"22.13.1\"}"}}
[debug] [2025-11-29T19:16:27.488Z] [runtime-status] [8496] Functions runtime initialized. {"cwd":"C:\\Users\\Jagannath sahoo\\Desktop\\React-Amazon\\amazon-clone\\functions","node_version":"22.13.1"} {"metadata":{"emulator":{"name":"functions"},"function":{"name":"us-central1-api"},"extension":{},"message":"[runtime-status] [8496] Functions runtime initialized. {\"cwd\":\"C:\\\\Users\\\\Jagannath sahoo\\\\Desktop\\\\React-Amazon\\\\amazon-clone\\\\functions\",\"node_version\":\"22.13.1\"}"}}
[debug] [2025-11-29T19:16:27.489Z] [runtime-status] [16332] Listening to port: \\?\pipe\fire_emu_0673f1741fb80a50 {"metadata":{"emulator":{"name":"functions"},"function":{"name":"us-central1-api"},"extension":{},"message":"[runtime-status] [16332] Listening to port: \\\\?\\pipe\\fire_emu_0673f1741fb80a50"}}
[debug] [2025-11-29T19:16:27.490Z] [runtime-status] [8496] Listening to port: \\?\pipe\fire_emu_e5fee1355481d3c1 {"metadata":{"emulator":{"name":"functions"},"function":{"name":"us-central1-api"},"extension":{},"message":"[runtime-status] [8496] Listening to port: \\\\?\\pipe\\fire_emu_e5fee1355481d3c1"}}
[debug] [2025-11-29T19:16:27.604Z] [worker-us-central1-api-3f97711f-ac40-4b4a-9b9e-70578a3f79f6]: IDLE {"metadata":{"emulator":{"name":"functions"},"function":{"name":"us-central1-api"},"extension":{},"message":"[worker-us-central1-api-3f97711f-ac40-4b4a-9b9e-70578a3f79f6]: IDLE"}}
[debug] [2025-11-29T19:16:27.605Z] [worker-pool] submitRequest(triggerId=us-central1-api) {"metadata":{"emulator":{"name":"functions"},"message":"[worker-pool] submitRequest(triggerId=us-central1-api)"}}
[info] i  functions: Beginning execution of "us-central1-api" {"metadata":{"emulator":{"name":"functions"},"function":{"name":"us-central1-api"},"extension":{},"message":"Beginning execution of \"us-central1-api\""}}
[debug] [2025-11-29T19:16:27.606Z] [worker-us-central1-api-3f97711f-ac40-4b4a-9b9e-70578a3f79f6]: BUSY {"metadata":{"emulator":{"name":"functions"},"function":{"name":"us-central1-api"},"extension":{},"message":"[worker-us-central1-api-3f97711f-ac40-4b4a-9b9e-70578a3f79f6]: BUSY"}}
[debug] [2025-11-29T19:16:27.609Z] [worker-us-central1-api-22d0ebb5-b7c3-4793-a0b5-133fb6fefcb1]: IDLE {"metadata":{"emulator":{"name":"functions"},"function":{"name":"us-central1-api"},"extension":{},"message":"[worker-us-central1-api-22d0ebb5-b7c3-4793-a0b5-133fb6fefcb1]: IDLE"}}
[debug] [2025-11-29T19:16:27.609Z] [worker-pool] submitRequest(triggerId=us-central1-api) {"metadata":{"emulator":{"name":"functions"},"message":"[worker-pool] submitRequest(triggerId=us-central1-api)"}}
[info] i  functions: Beginning execution of "us-central1-api" {"metadata":{"emulator":{"name":"functions"},"function":{"name":"us-central1-api"},"extension":{},"message":"Beginning execution of \"us-central1-api\""}}
[debug] [2025-11-29T19:16:27.611Z] [worker-us-central1-api-22d0ebb5-b7c3-4793-a0b5-133fb6fefcb1]: BUSY {"metadata":{"emulator":{"name":"functions"},"function":{"name":"us-central1-api"},"extension":{},"message":"[worker-us-central1-api-22d0ebb5-b7c3-4793-a0b5-133fb6fefcb1]: BUSY"}}
[info] >  ðŸ’° Payment Request Received >>>  19900 {"user":"ðŸ’° Payment Request Received >>>  19900","metadata":{"emulator":{"name":"functions"},"function":{"name":"us-central1-api"},"extension":{},"message":"\u001b[90m> \u001b[39m ðŸ’° Payment Request Received >>>  19900"}}
[info] >  ðŸ’° Payment Request Received >>>  19900 {"user":"ðŸ’° Payment Request Received >>>  19900","metadata":{"emulator":{"name":"functions"},"function":{"name":"us-central1-api"},"extension":{},"message":"\u001b[90m> \u001b[39m ðŸ’° Payment Request Received >>>  19900"}}
[debug] [2025-11-29T19:16:28.828Z] Finishing up request with event=pause {"metadata":{"emulator":{"name":"functions"},"function":{"name":"us-central1-api"},"extension":{},"message":"Finishing up request with event=pause"}}
[info] i  functions: Finished "us-central1-api" in 1222.6858ms {"metadata":{"emulator":{"name":"functions"},"function":{"name":"us-central1-api"},"extension":{},"message":"Finished \"us-central1-api\" in 1222.6858ms"}}
[debug] [2025-11-29T19:16:28.830Z] [worker-us-central1-api-3f97711f-ac40-4b4a-9b9e-70578a3f79f6]: IDLE {"metadata":{"emulator":{"name":"functions"},"function":{"name":"us-central1-api"},"extension":{},"message":"[worker-us-central1-api-3f97711f-ac40-4b4a-9b9e-70578a3f79f6]: IDLE"}}
[debug] [2025-11-29T19:16:28.830Z] Finishing up request with event=finish {"metadata":{"emulator":{"name":"functions"},"function":{"name":"us-central1-api"},"extension":{},"message":"Finishing up request with event=finish"}}
[debug] [2025-11-29T19:16:28.831Z] Finishing up request with event=close {"metadata":{"emulator":{"name":"functions"},"function":{"name":"us-central1-api"},"extension":{},"message":"Finishing up request with event=close"}}
[debug] [2025-11-29T19:16:28.831Z] [work-queue] {"queuedWork":[],"queueLength":0,"runningWork":["/challenge-11226/us-central1/api/payment/create-2025-11-29T19:16:23.302Z"],"workRunningCount":1}
[debug] [2025-11-29T19:16:28.863Z] Finishing up request with event=pause {"metadata":{"emulator":{"name":"functions"},"function":{"name":"us-central1-api"},"extension":{},"message":"Finishing up request with event=pause"}}
[info] i  functions: Finished "us-central1-api" in 1252.4985ms {"metadata":{"emulator":{"name":"functions"},"function":{"name":"us-central1-api"},"extension":{},"message":"Finished \"us-central1-api\" in 1252.4985ms"}}
[debug] [2025-11-29T19:16:28.866Z] [worker-us-central1-api-22d0ebb5-b7c3-4793-a0b5-133fb6fefcb1]: IDLE {"metadata":{"emulator":{"name":"functions"},"function":{"name":"us-central1-api"},"extension":{},"message":"[worker-us-central1-api-22d0ebb5-b7c3-4793-a0b5-133fb6fefcb1]: IDLE"}}
[debug] [2025-11-29T19:16:28.867Z] Finishing up request with event=finish {"metadata":{"emulator":{"name":"functions"},"function":{"name":"us-central1-api"},"extension":{},"message":"Finishing up request with event=finish"}}
[debug] [2025-11-29T19:16:28.867Z] Finishing up request with event=close {"metadata":{"emulator":{"name":"functions"},"function":{"name":"us-central1-api"},"extension":{},"message":"Finishing up request with event=close"}}
[debug] [2025-11-29T19:16:28.868Z] [work-queue] {"queuedWork":[],"queueLength":0,"runningWork":[],"workRunningCount":0}
