[debug] [2025-07-19T11:05:40.871Z] ----------------------------------------------------------------------
[debug] [2025-07-19T11:05:40.873Z] Command:       C:\Program Files\nodejs\node.exe C:\Users\Jagannath sahoo\AppData\Roaming\npm\node_modules\firebase-tools\lib\bin\firebase.js emulators:start --only functions
[debug] [2025-07-19T11:05:40.873Z] CLI Version:   14.9.0
[debug] [2025-07-19T11:05:40.873Z] Platform:      win32
[debug] [2025-07-19T11:05:40.874Z] Node Version:  v22.13.1
[debug] [2025-07-19T11:05:40.874Z] Time:          Sat Jul 19 2025 16:35:40 GMT+0530 (India Standard Time)
[debug] [2025-07-19T11:05:40.874Z] ----------------------------------------------------------------------
[debug] 
[debug] [2025-07-19T11:05:41.053Z] > command requires scopes: ["email","openid","https://www.googleapis.com/auth/cloudplatformprojects.readonly","https://www.googleapis.com/auth/firebase","https://www.googleapis.com/auth/cloud-platform"]
[debug] [2025-07-19T11:05:41.053Z] > authorizing via signed-in user (bjagannathsahoo@gmail.com)
[info] i  emulators: Starting emulators: functions {"metadata":{"emulator":{"name":"hub"},"message":"Starting emulators: functions"}}
[debug] [2025-07-19T11:05:41.060Z] [logging] Logging Emulator only supports listening on one address (127.0.0.1). Not listening on ::1
[debug] [2025-07-19T11:05:41.060Z] assigned listening specs for emulators {"user":{"hub":[{"address":"127.0.0.1","family":"IPv4","port":4401},{"address":"::1","family":"IPv6","port":4401}],"ui":[{"address":"127.0.0.1","family":"IPv4","port":4001},{"address":"::1","family":"IPv6","port":4001}],"logging":[{"address":"127.0.0.1","family":"IPv4","port":4501}]},"metadata":{"message":"assigned listening specs for emulators"}}
[warn] !  emulators: It seems that you are running multiple instances of the emulator suite for project challenge-11226. This may result in unexpected behavior. 
[debug] [2025-07-19T11:05:41.065Z] [hub] writing locator at C:\Users\JAGANN~1\AppData\Local\Temp\hub-challenge-11226.json
[debug] [2025-07-19T11:05:41.077Z] [functions] Functions Emulator only supports listening on one address (127.0.0.1). Not listening on ::1
[debug] [2025-07-19T11:05:41.077Z] [eventarc] Eventarc Emulator only supports listening on one address (127.0.0.1). Not listening on ::1
[debug] [2025-07-19T11:05:41.077Z] [tasks] Cloud Tasks Emulator only supports listening on one address (127.0.0.1). Not listening on ::1
[debug] [2025-07-19T11:05:41.078Z] late-assigned ports for functions and eventarc emulators {"user":{"hub":[{"address":"127.0.0.1","family":"IPv4","port":4401},{"address":"::1","family":"IPv6","port":4401}],"ui":[{"address":"127.0.0.1","family":"IPv4","port":4001},{"address":"::1","family":"IPv6","port":4001}],"logging":[{"address":"127.0.0.1","family":"IPv4","port":4501}],"functions":[{"address":"127.0.0.1","family":"IPv4","port":5005}],"eventarc":[{"address":"127.0.0.1","family":"IPv4","port":9300}],"tasks":[{"address":"127.0.0.1","family":"IPv4","port":9500}]},"metadata":{"message":"late-assigned ports for functions and eventarc emulators"}}
[warn] !  functions: The following emulators are not running, calls to these services from the Functions emulator will affect production: apphosting, auth, firestore, database, hosting, pubsub, storage, dataconnect {"metadata":{"emulator":{"name":"functions"},"message":"The following emulators are not running, calls to these services from the Functions emulator will affect production: \u001b[1mapphosting, auth, firestore, database, hosting, pubsub, storage, dataconnect\u001b[22m"}}
[debug] [2025-07-19T11:05:41.089Z] defaultcredentials: writing to file C:\Users\Jagannath sahoo\AppData\Roaming\firebase\bjagannathsahoo_gmail_com_application_default_credentials.json
[debug] [2025-07-19T11:05:41.090Z] Setting GAC to C:\Users\Jagannath sahoo\AppData\Roaming\firebase\bjagannathsahoo_gmail_com_application_default_credentials.json {"metadata":{"emulator":{"name":"functions"},"message":"Setting GAC to C:\\Users\\Jagannath sahoo\\AppData\\Roaming\\firebase\\bjagannathsahoo_gmail_com_application_default_credentials.json"}}
[debug] [2025-07-19T11:05:41.091Z] Checked if tokens are valid: true, expires at: 1752926443577
[debug] [2025-07-19T11:05:41.091Z] Checked if tokens are valid: true, expires at: 1752926443577
[debug] [2025-07-19T11:05:41.092Z] >>> [apiv2][query] GET https://firebase.googleapis.com/v1beta1/projects/challenge-11226/adminSdkConfig [none]
[debug] [2025-07-19T11:05:43.382Z] <<< [apiv2][status] GET https://firebase.googleapis.com/v1beta1/projects/challenge-11226/adminSdkConfig 200
[debug] [2025-07-19T11:05:43.382Z] <<< [apiv2][body] GET https://firebase.googleapis.com/v1beta1/projects/challenge-11226/adminSdkConfig {"projectId":"challenge-11226","storageBucket":"challenge-11226.firebasestorage.app"}
[info] i  functions: Watching "C:\Users\Jagannath sahoo\Desktop\React-Amazon\amazon-clone\functions" for Cloud Functions... {"metadata":{"emulator":{"name":"functions"},"message":"Watching \"C:\\Users\\Jagannath sahoo\\Desktop\\React-Amazon\\amazon-clone\\functions\" for Cloud Functions..."}}
[debug] [2025-07-19T11:05:43.408Z] Validating nodejs source
[warn] !  functions: package.json indicates an outdated version of firebase-functions. Please upgrade using npm install --save firebase-functions@latest in your functions directory. 
[debug] [2025-07-19T11:05:44.856Z] > [functions] package.json contents: {
  "name": "functions",
  "description": "Cloud Functions for Firebase",
  "scripts": {
    "lint": "eslint .",
    "serve": "firebase emulators:start --only functions",
    "shell": "firebase functions:shell",
    "start": "npm run shell",
    "deploy": "firebase deploy --only functions",
    "logs": "firebase functions:log"
  },
  "engines": {
    "node": "22"
  },
  "main": "index.js",
  "dependencies": {
    "cors": "^2.8.5",
    "express": "^5.1.0",
    "firebase-admin": "^12.6.0",
    "firebase-functions": "^6.0.1",
    "stripe": "^18.3.0"
  },
  "devDependencies": {
    "eslint": "^8.15.0",
    "eslint-config-google": "^0.14.0",
    "firebase-functions-test": "^3.1.0"
  },
  "private": true
}
[debug] [2025-07-19T11:05:44.857Z] Building nodejs source
[debug] [2025-07-19T11:05:44.857Z] Failed to find version of module node: reached end of search path C:\Users\Jagannath sahoo\Desktop\React-Amazon\amazon-clone\functions\node_modules
[info] +  functions: Using node@22 from host. 
[debug] [2025-07-19T11:05:44.859Z] Could not find functions.yaml. Must use http discovery
[debug] [2025-07-19T11:05:44.864Z] Found firebase-functions binary at 'C:\Users\Jagannath sahoo\Desktop\React-Amazon\amazon-clone\functions\node_modules\.bin\firebase-functions'
[info] Serving at port 8685

[debug] [2025-07-19T11:05:45.728Z] Got response from /__/functions.yaml {"endpoints":{"api":{"availableMemoryMb":null,"timeoutSeconds":null,"minInstances":null,"maxInstances":null,"ingressSettings":null,"concurrency":null,"serviceAccountEmail":null,"vpc":null,"platform":"gcfv2","labels":{},"httpsTrigger":{},"entryPoint":"api"}},"specVersion":"v1alpha1","requiredAPIs":[],"extensions":{}}
[info] +  functions: Loaded functions definitions from source: api. {"metadata":{"emulator":{"name":"functions"},"message":"Loaded functions definitions from source: api."}}
[info] +  functions[us-central1-api]: http function initialized (http://127.0.0.1:5005/challenge-11226/us-central1/api). {"metadata":{"emulator":{"name":"functions"},"message":"\u001b[1mhttp\u001b[22m function initialized (http://127.0.0.1:5005/challenge-11226/us-central1/api)."}}
[debug] [2025-07-19T11:05:49.776Z] Could not find VSCode notification endpoint: FetchError: request to http://localhost:40001/vscode/notify failed, reason: . If you are not running the Firebase Data Connect VSCode extension, this is expected and not an issue.
[info] 
┌─────────────────────────────────────────────────────────────┐
│ ✔  All emulators ready! It is now safe to connect your app. │
│ i  View Emulator UI at http://127.0.0.1:4001/               │
└─────────────────────────────────────────────────────────────┘

┌───────────┬────────────────┬─────────────────────────────────┐
│ Emulator  │ Host:Port      │ View in Emulator UI             │
├───────────┼────────────────┼─────────────────────────────────┤
│ Functions │ 127.0.0.1:5005 │ http://127.0.0.1:4001/functions │
└───────────┴────────────────┴─────────────────────────────────┘
  Emulator Hub host: 127.0.0.1 port: 4401
  Other reserved ports: 4501

Issues? Report them at https://github.com/firebase/firebase-tools/issues and attach the *-debug.log files.
 
[debug] [2025-07-19T11:09:10.030Z] Received signal SIGHUP 1
[info]  
[info] i  emulators: Received SIGHUP for the first time. Starting a clean shutdown. 
[info] i  emulators: Please wait for a clean shutdown or send the SIGHUP signal again to stop right now. 
[info] i  emulators: Shutting down emulators. {"metadata":{"emulator":{"name":"hub"},"message":"Shutting down emulators."}}
[info] i  ui: Stopping Emulator UI {"metadata":{"emulator":{"name":"ui"},"message":"Stopping Emulator UI"}}
[info] i  functions: Stopping Functions Emulator {"metadata":{"emulator":{"name":"functions"},"message":"Stopping Functions Emulator"}}
[info] i  eventarc: Stopping Eventarc Emulator {"metadata":{"emulator":{"name":"eventarc"},"message":"Stopping Eventarc Emulator"}}
[info] i  tasks: Stopping Cloud Tasks Emulator {"metadata":{"emulator":{"name":"tasks"},"message":"Stopping Cloud Tasks Emulator"}}
[info] i  hub: Stopping emulator hub {"metadata":{"emulator":{"name":"hub"},"message":"Stopping emulator hub"}}
[info] i  logging: Stopping Logging Emulator {"metadata":{"emulator":{"name":"logging"},"message":"Stopping Logging Emulator"}}
[debug] [2025-07-19T11:09:10.044Z] Could not find VSCode notification endpoint: FetchError: request to http://localhost:40001/vscode/notify failed, reason: . If you are not running the Firebase Data Connect VSCode extension, this is expected and not an issue.
